<?xml version="1.0" encoding="UTF-8"?>
<!-- Generated by org.testng.reporters.JUnitReportReporter -->
<testsuite hostname="LAPTOP-EDNQF8JN" failures="0" tests="5" name="FacebookTestNG.Sprint2_Facebook" time="87.026" errors="0" timestamp="2023-01-18T02:00:12 CST" skipped="0">
  <testcase classname="FacebookTestNG.Sprint2_Facebook" name="signUpInvalidcredentials" time="15.948"/>
  <system-out/>
  <testcase classname="FacebookTestNG.Sprint2_Facebook" name="signUpInvalidcredentials" time="21.096"/>
  <system-out/>
  <testcase classname="FacebookTestNG.Sprint2_Facebook" name="signUpInvalidcredentials" time="18.736"/>
  <system-out/>
  <testcase classname="FacebookTestNG.Sprint2_Facebook" name="signUpInvalidcredentials" time="14.949"/>
  <system-out/>
  <testcase classname="FacebookTestNG.Sprint2_Facebook" name="signUpInvalidcredentials" time="16.297"/>
  <system-out/>
</testsuite> <!-- FacebookTestNG.Sprint2_Facebook -->
