<?xml version="1.0" encoding="UTF-8"?>
<!-- Generated by org.testng.reporters.JUnitReportReporter -->
<testsuite hostname="LAPTOP-EDNQF8JN" failures="0" tests="3" name="FacebookTestNG.Sprint1_Facebook" time="65.739" errors="0" timestamp="2023-01-21T13:27:04 CST" skipped="0">
  <testcase classname="FacebookTestNG.Sprint1_Facebook" name="SignUp" time="21.786"/>
  <system-out/>
  <testcase classname="FacebookTestNG.Sprint1_Facebook" name="SignUp" time="21.705"/>
  <system-out/>
  <testcase classname="FacebookTestNG.Sprint1_Facebook" name="SignUp" time="22.248"/>
  <system-out/>
</testsuite> <!-- FacebookTestNG.Sprint1_Facebook -->
