<?xml version="1.0" encoding="UTF-8"?>
<!-- Generated by org.testng.reporters.JUnitReportReporter -->
<testsuite hostname="LAPTOP-EDNQF8JN" failures="0" tests="1" name="GoogleTestNG.Sprint2_Google" time="9.234" errors="0" timestamp="2023-02-07T18:30:38 CST" skipped="0">
  <testcase classname="GoogleTestNG.Sprint2_Google" name="f" time="9.234"/>
  <system-out/>
</testsuite> <!-- GoogleTestNG.Sprint2_Google -->
