<?xml version="1.0" encoding="UTF-8"?>
<!-- Generated by org.testng.reporters.JUnitReportReporter -->
<testsuite hostname="LAPTOP-EDNQF8JN" failures="0" tests="6" name="FacebookTestNG.Sprint2_Facebook" time="87.022" errors="0" timestamp="2023-01-25T01:45:41 CST" skipped="0">
  <testcase classname="FacebookTestNG.Sprint2_Facebook" name="forgetPassword" time="8.704"/>
  <system-out/>
  <testcase classname="FacebookTestNG.Sprint2_Facebook" name="LogIn" time="15.076"/>
  <system-out/>
  <testcase classname="FacebookTestNG.Sprint2_Facebook" name="LogIn" time="14.821"/>
  <system-out/>
  <testcase classname="FacebookTestNG.Sprint2_Facebook" name="LogIn" time="15.532"/>
  <system-out/>
  <testcase classname="FacebookTestNG.Sprint2_Facebook" name="LogIn" time="18.142"/>
  <system-out/>
  <testcase classname="FacebookTestNG.Sprint2_Facebook" name="LogIn" time="14.747"/>
  <system-out/>
</testsuite> <!-- FacebookTestNG.Sprint2_Facebook -->
