<?xml version="1.0" encoding="UTF-8"?>
<!-- Generated by org.testng.reporters.JUnitReportReporter -->
<testsuite hostname="LAPTOP-EDNQF8JN" failures="0" tests="1" name="AmazonTestNG.Sprint1_Amazon" time="0.007" errors="0" timestamp="2023-02-07T17:17:44 CST" skipped="0">
  <testcase classname="AmazonTestNG.Sprint1_Amazon" name="f" time="0.007"/>
  <system-out/>
</testsuite> <!-- AmazonTestNG.Sprint1_Amazon -->
