<?xml version="1.0" encoding="UTF-8"?>
<!-- Generated by org.testng.reporters.JUnitReportReporter -->
<testsuite hostname="LAPTOP-EDNQF8JN" failures="0" tests="2" name="GoogleTestNG.Sprint1_Google" time="36.069" errors="0" timestamp="2023-01-17T01:15:44 CST" skipped="0">
  <testcase classname="GoogleTestNG.Sprint1_Google" name="Test1" time="16.486"/>
  <system-out/>
  <testcase classname="GoogleTestNG.Sprint1_Google" name="Test1" time="19.583"/>
  <system-out/>
</testsuite> <!-- GoogleTestNG.Sprint1_Google -->
